<!DOCTYPE html PUBLIC "-//W3C//DTD XHTML 1.1//EN" "https://www.w3.org/TR/xhtml11/DTD/xhtml11.dtd">
<html xmlns="https://www.w3.org/1999/xhtml">
<head>
<meta charset='utf-8'>
<title>TestNG Report</title>
<style type="text/css">
table {margin-bottom:10px;border-collapse:collapse;empty-cells:show}
td,th {border:1px solid #009;padding:.25em .5em}
.result th {vertical-align:bottom}
.param th {padding-left:1em;padding-right:1em}
.param td {padding-left:.5em;padding-right:2em}
.stripe td,.stripe th {background-color: #E6EBF9}
.numi,.numi_attn {text-align:right}
.total td {font-weight:bold}
.passedodd td {background-color: #0A0}
.passedeven td {background-color: #3F3}
.skippedodd td {background-color: #CCC}
.skippedodd td {background-color: #DDD}
.failedodd td,.numi_attn {background-color: #F33}
.failedeven td,.stripe .numi_attn {background-color: #D00}
.stacktrace {white-space:pre;font-family:monospace}
.totop {font-size:85%;text-align:center;border-bottom:2px solid #000}
</style>
</head>
<body>
<table cellspacing="0" cellpadding="0" class="testOverview">
<tr><th>Test</th><th>Methods<br/>Passed</th><th>Scenarios<br/>Passed</th><th># skipped</th><th># failed</th><th>Total<br/>Time</th><th>Included<br/>Groups</th><th>Excluded<br/>Groups</th></tr>
<tr><td style="text-align:left;padding-right:2em"><a href="#t1">C:/Users/Raveendra/Downloads/demo/SampleTestNGandCucumberWrapper</a></td><td class="numi">11</td><td class="numi">10</td><td class="numi">0</td><td class="numi_attn">6</td><td class="numi">152.9 seconds</td><td class="numi"></td><td class="numi"></td></tr>
</table>
<table cellspacing="0" cellpadding="0" class="methodOverview" id="summary">
<tr><th>Class</th><th>Method</th><th># of<br/>Scenarios</th><th>Start</th><th>Time<br/>(ms)</th></tr>
<tr id="t1"><th colspan="5">C:/Users/Raveendra/Downloads/demo/SampleTestNGandCucumberWrapper &#8212; failed</th></tr>
<tr class="failedodd"><td rowspan="3">Cucumber.runners.loginRunner</td><td><a href="#m1"><b>runScenario</b> (cucumber) ("Runs Cucumber Scenarios")</a></td><td class="numi">1</td><td>1698556834193</td><td class="numi">17560</td></tr><tr class="failedodd"><td><a href="#m2"><b>runScenario</b> (cucumber) ("Runs Cucumber Scenarios")</a></td><td class="numi">1</td><td>1698556834193</td><td class="numi">17560</td></tr><tr class="failedodd"><td><a href="#m3"><b>runScenario</b> (cucumber) ("Runs Cucumber Scenarios")</a></td><td class="numi">1</td><td>1698556834193</td><td class="numi">17560</td></tr>
<tr class="failedeven"><td>TestNG.SanityTest</td><td><a href="#m4"><b>intentionalFail</b>  </a></td><td class="numi">1</td><td>1698556963793</td><td class="numi">10496</td></tr>
<tr class="failedodd"><td rowspan="2">Cucumber.runners.loginRunner</td><td><a href="#m5"><b>runScenario</b> (cucumber) ("Runs Cucumber Scenarios")</a></td><td class="numi">1</td><td>1698556834193</td><td class="numi">17560</td></tr><tr class="failedodd"><td><a href="#m6"><b>runScenario</b> (cucumber) ("Runs Cucumber Scenarios")</a></td><td class="numi">1</td><td>1698556834193</td><td class="numi">17560</td></tr>
<tr><th colspan="5">C:/Users/Raveendra/Downloads/demo/SampleTestNGandCucumberWrapper &#8212; passed</th></tr>
<tr class="passedodd"><td>Cucumber.runners.loginRunner</td><td><a href="#m7"><b>runScenario</b> (cucumber) ("Runs Cucumber Scenarios")</a></td><td class="numi">4</td><td>1698556823321</td><td class="numi">39253</td></tr>
<tr class="passedeven"><td rowspan="3">TestNG.SanityTest</td><td><a href="#m8"><b>loginPage</b>  </a></td><td class="numi">1</td><td>1698556872182</td><td class="numi">186</td></tr><tr class="passedeven"><td><a href="#m9"><b>addTocart</b>  </a></td><td class="numi">1</td><td>1698556879962</td><td class="numi">5980</td></tr><tr class="passedeven"><td><a href="#m10"><b>allItemsPage</b>  </a></td><td class="numi">1</td><td>1698556893334</td><td class="numi">7080</td></tr>
<tr class="passedodd"><td rowspan="2">Cucumber.runners.loginRunner</td><td><a href="#m11"><b>runScenario</b> (cucumber) ("Runs Cucumber Scenarios")</a></td><td class="numi">4</td><td>1698556823321</td><td class="numi">39253</td></tr><tr class="passedodd"><td><a href="#m12"><b>runScenario</b> (cucumber) ("Runs Cucumber Scenarios")</a></td><td class="numi">4</td><td>1698556823321</td><td class="numi">39253</td></tr>
<tr class="passedeven"><td rowspan="3">TestNG.SanityTest</td><td><a href="#m13"><b>navigatToabout</b>  </a></td><td class="numi">1</td><td>1698556911090</td><td class="numi">39319</td></tr><tr class="passedeven"><td><a href="#m14"><b>resetAll</b>  </a></td><td class="numi">1</td><td>1698556956414</td><td class="numi">3591</td></tr><tr class="passedeven"><td><a href="#m15"><b>logincheck</b>  </a></td><td class="numi">1</td><td>1698556875590</td><td class="numi">562</td></tr>
<tr class="passedodd"><td rowspan="2">Cucumber.runners.loginRunner</td><td><a href="#m16"><b>runScenario</b> (cucumber) ("Runs Cucumber Scenarios")</a></td><td class="numi">4</td><td>1698556823321</td><td class="numi">39253</td></tr><tr class="passedodd"><td><a href="#m17"><b>runScenario</b> (cucumber) ("Runs Cucumber Scenarios")</a></td><td class="numi">4</td><td>1698556823321</td><td class="numi">39253</td></tr>
</table>
<h1>C:/Users/Raveendra/Downloads/demo/SampleTestNGandCucumberWrapper</h1>
<h2 id="m1">TestNG.SanityTest:intentionalFail</h2>
<div>
<div class="stacktrace">org.openqa.selenium.ElementNotInteractableException: element not interactable
  (Session info: chrome=118.0.5993.118)
Build info: version: &apos;4.13.0&apos;, revision: &apos;ba948ece5b*&apos;
System info: os.name: &apos;Windows 10&apos;, os.arch: &apos;amd64&apos;, os.version: &apos;10.0&apos;, java.version: &apos;19.0.1&apos;
Driver info: org.openqa.selenium.chrome.ChromeDriver
Command: [9f4ab5959647063e3207fd1175c3ac2a, clickElement {id=04941A41780B41276EF547430B044B0B_element_19}]
Capabilities {acceptInsecureCerts: false, browserName: chrome, browserVersion: 118.0.5993.118, chrome: {chromedriverVersion: 118.0.5993.70 (e52f33f30b91..., userDataDir: C:\Users\RAVEEN~1\AppData\L...}, fedcm:accounts: true, goog:chromeOptions: {debuggerAddress: localhost:53062}, networkConnectionEnabled: false, pageLoadStrategy: normal, platformName: windows, proxy: Proxy(), se:cdp: ws://localhost:53062/devtoo..., se:cdpVersion: 118.0.5993.118, setWindowRect: true, strictFileInteractability: false, timeouts: {implicit: 0, pageLoad: 300000, script: 30000}, unhandledPromptBehavior: dismiss and notify, webauthn:extension:credBlob: true, webauthn:extension:largeBlob: true, webauthn:extension:minPinLength: true, webauthn:extension:prf: true, webauthn:virtualAuthenticators: true}
Element: [[ChromeDriver: chrome on windows (9f4ab5959647063e3207fd1175c3ac2a)] -&gt; xpath: //a[contains(text(), &apos;Reset App State&apos;)]]
Session ID: 9f4ab5959647063e3207fd1175c3ac2a
	at java.base/jdk.internal.reflect.DirectConstructorHandleAccessor.newInstance(DirectConstructorHandleAccessor.java:67)
	at java.base/java.lang.reflect.Constructor.newInstanceWithCaller(Constructor.java:500)
	at java.base/java.lang.reflect.Constructor.newInstance(Constructor.java:484)
	at org.openqa.selenium.remote.codec.w3c.W3CHttpResponseCodec.createException(W3CHttpResponseCodec.java:200)
	at org.openqa.selenium.remote.codec.w3c.W3CHttpResponseCodec.decode(W3CHttpResponseCodec.java:133)
	at org.openqa.selenium.remote.codec.w3c.W3CHttpResponseCodec.decode(W3CHttpResponseCodec.java:52)
	at org.openqa.selenium.remote.HttpCommandExecutor.execute(HttpCommandExecutor.java:191)
	at org.openqa.selenium.remote.service.DriverCommandExecutor.invokeExecute(DriverCommandExecutor.java:196)
	at org.openqa.selenium.remote.service.DriverCommandExecutor.execute(DriverCommandExecutor.java:171)
	at org.openqa.selenium.remote.RemoteWebDriver.execute(RemoteWebDriver.java:602)
	at org.openqa.selenium.remote.RemoteWebElement.execute(RemoteWebElement.java:224)
	at org.openqa.selenium.remote.RemoteWebElement.click(RemoteWebElement.java:77)
	at java.base/jdk.internal.reflect.DirectMethodHandleAccessor.invoke(DirectMethodHandleAccessor.java:104)
	at java.base/java.lang.reflect.Method.invoke(Method.java:578)
	at org.openqa.selenium.support.pagefactory.internal.LocatingElementHandler.invoke(LocatingElementHandler.java:51)
	at jdk.proxy2/jdk.proxy2.$Proxy31.click(Unknown Source)
	at frame.pageobjects.MenuBurgerPage.navigateToresetAppState(MenuBurgerPage.java:40)
	at TestNG.SanityTest.intentionalFail(SanityTest.java:101)
	at java.base/jdk.internal.reflect.DirectMethodHandleAccessor.invoke(DirectMethodHandleAccessor.java:104)
	at java.base/java.lang.reflect.Method.invoke(Method.java:578)
	at org.testng.internal.invokers.MethodInvocationHelper.invokeMethod(MethodInvocationHelper.java:139)
	at org.testng.internal.invokers.TestInvoker.invokeMethod(TestInvoker.java:664)
	at org.testng.internal.invokers.TestInvoker.invokeTestMethod(TestInvoker.java:227)
	at org.testng.internal.invokers.MethodRunner.runInSequence(MethodRunner.java:50)
	at org.testng.internal.invokers.TestInvoker$MethodInvocationAgent.invoke(TestInvoker.java:957)
	at org.testng.internal.invokers.TestInvoker.invokeTestMethods(TestInvoker.java:200)
	at org.testng.internal.invokers.TestMethodWorker.invokeTestMethods(TestMethodWorker.java:148)
	at org.testng.internal.invokers.TestMethodWorker.run(TestMethodWorker.java:128)
	at java.base/java.util.ArrayList.forEach(ArrayList.java:1511)
	at org.testng.TestRunner.privateRun(TestRunner.java:848)
	at org.testng.TestRunner.run(TestRunner.java:621)
	at org.testng.SuiteRunner.runTest(SuiteRunner.java:443)
	at org.testng.SuiteRunner.runSequentially(SuiteRunner.java:437)
	at org.testng.SuiteRunner.privateRun(SuiteRunner.java:397)
	at org.testng.SuiteRunner.run(SuiteRunner.java:336)
	at org.testng.SuiteRunnerWorker.runSuite(SuiteRunnerWorker.java:52)
	at org.testng.SuiteRunnerWorker.run(SuiteRunnerWorker.java:95)
	at org.testng.TestNG.runSuitesSequentially(TestNG.java:1280)
	at org.testng.TestNG.runSuitesLocally(TestNG.java:1200)
	at org.testng.TestNG.runSuites(TestNG.java:1114)
	at org.testng.TestNG.run(TestNG.java:1082)
	at com.intellij.rt.testng.IDEARemoteTestNG.run(IDEARemoteTestNG.java:66)
	at com.intellij.rt.testng.RemoteTestNGStarter.main(RemoteTestNGStarter.java:105)
</div>
</div>
<p class="totop"><a href="#summary">back to summary</a></p>
<h2 id="m2">Cucumber.runners.loginRunner:runScenario</h2>
<table cellspacing="0" cellpadding="0" class="result">
<tr class="param"><th>Parameter #1</th><th>Parameter #2</th></tr>
<tr class="param stripe"><td>&quot;try to do it again&quot;</td>
<td>&quot;Login Functionality&quot;</td>
</tr>
<tr><td colspan="2">
<div class="stacktrace">org.openqa.selenium.ElementNotInteractableException: element not interactable
  (Session info: chrome=118.0.5993.118)
Build info: version: &apos;4.13.0&apos;, revision: &apos;ba948ece5b*&apos;
System info: os.name: &apos;Windows 10&apos;, os.arch: &apos;amd64&apos;, os.version: &apos;10.0&apos;, java.version: &apos;19.0.1&apos;
Driver info: org.openqa.selenium.chrome.ChromeDriver
Command: [b04268c916af4a36ec56139eef92ea49, clickElement {id=D1409A040A28C10702407EB3D38B69CB_element_15}]
Capabilities {acceptInsecureCerts: false, browserName: chrome, browserVersion: 118.0.5993.118, chrome: {chromedriverVersion: 118.0.5993.70 (e52f33f30b91..., userDataDir: C:\Users\RAVEEN~1\AppData\L...}, fedcm:accounts: true, goog:chromeOptions: {debuggerAddress: localhost:52697}, networkConnectionEnabled: false, pageLoadStrategy: normal, platformName: windows, proxy: Proxy(), se:cdp: ws://localhost:52697/devtoo..., se:cdpVersion: 118.0.5993.118, setWindowRect: true, strictFileInteractability: false, timeouts: {implicit: 0, pageLoad: 300000, script: 30000}, unhandledPromptBehavior: dismiss and notify, webauthn:extension:credBlob: true, webauthn:extension:largeBlob: true, webauthn:extension:minPinLength: true, webauthn:extension:prf: true, webauthn:virtualAuthenticators: true}
Element: [[ChromeDriver: chrome on windows (b04268c916af4a36ec56139eef92ea49)] -&gt; xpath: //a[contains(text(), &apos;Reset App State&apos;)]]
Session ID: b04268c916af4a36ec56139eef92ea49
	at java.base/jdk.internal.reflect.DirectConstructorHandleAccessor.newInstance(DirectConstructorHandleAccessor.java:67)
	at java.base/java.lang.reflect.Constructor.newInstanceWithCaller(Constructor.java:500)
	at java.base/java.lang.reflect.Constructor.newInstance(Constructor.java:484)
	at org.openqa.selenium.remote.codec.w3c.W3CHttpResponseCodec.createException(W3CHttpResponseCodec.java:200)
	at org.openqa.selenium.remote.codec.w3c.W3CHttpResponseCodec.decode(W3CHttpResponseCodec.java:133)
	at org.openqa.selenium.remote.codec.w3c.W3CHttpResponseCodec.decode(W3CHttpResponseCodec.java:52)
	at org.openqa.selenium.remote.HttpCommandExecutor.execute(HttpCommandExecutor.java:191)
	at org.openqa.selenium.remote.service.DriverCommandExecutor.invokeExecute(DriverCommandExecutor.java:196)
	at org.openqa.selenium.remote.service.DriverCommandExecutor.execute(DriverCommandExecutor.java:171)
	at org.openqa.selenium.remote.RemoteWebDriver.execute(RemoteWebDriver.java:602)
	at org.openqa.selenium.remote.RemoteWebElement.execute(RemoteWebElement.java:224)
	at org.openqa.selenium.remote.RemoteWebElement.click(RemoteWebElement.java:77)
	at java.base/jdk.internal.reflect.DirectMethodHandleAccessor.invoke(DirectMethodHandleAccessor.java:104)
	at java.base/java.lang.reflect.Method.invoke(Method.java:578)
	at org.openqa.selenium.support.pagefactory.internal.LocatingElementHandler.invoke(LocatingElementHandler.java:51)
	at jdk.proxy2/jdk.proxy2.$Proxy31.click(Unknown Source)
	at frame.pageobjects.MenuBurgerPage.navigateToresetAppState(MenuBurgerPage.java:40)
	at Cucumber.stepdef.MyStepdef.verify_failure(MyStepdef.java:131)
	at âœ½.verify failure(file:///C:/Users/Raveendra/Downloads/demo/SampleTestNGandCucumberWrapper/src/test/java/Cucumber/features/login_feature.feature:12)
</div>
</td></tr>
</table>
<p class="totop"><a href="#summary">back to summary</a></p>
<h2 id="m3">Cucumber.runners.loginRunner:runScenario</h2>
<table cellspacing="0" cellpadding="0" class="result">
<tr class="param"><th>Parameter #1</th><th>Parameter #2</th></tr>
<tr class="param stripe"><td>&quot;Login Functionality Testing&quot;</td>
<td>&quot;Login Functionality&quot;</td>
</tr>
</table>
<p class="totop"><a href="#summary">back to summary</a></p>
<h2 id="m4">Cucumber.runners.loginRunner:runScenario</h2>
<table cellspacing="0" cellpadding="0" class="result">
<tr class="param"><th>Parameter #1</th><th>Parameter #2</th></tr>
<tr class="param stripe"><td>&quot;Login Functionality Testing&quot;</td>
<td>&quot;Login Functionality&quot;</td>
</tr>
</table>
<p class="totop"><a href="#summary">back to summary</a></p>
<h2 id="m5">TestNG.SanityTest:navigatToabout</h2>
<p class="totop"><a href="#summary">back to summary</a></p>
<h2 id="m6">TestNG.SanityTest:loginPage</h2>
<p class="totop"><a href="#summary">back to summary</a></p>
<h2 id="m7">TestNG.SanityTest:resetAll</h2>
<p class="totop"><a href="#summary">back to summary</a></p>
<h2 id="m8">TestNG.SanityTest:logincheck</h2>
<p class="totop"><a href="#summary">back to summary</a></p>
<h2 id="m9">TestNG.SanityTest:allItemsPage</h2>
<p class="totop"><a href="#summary">back to summary</a></p>
<h2 id="m10">Cucumber.runners.loginRunner:runScenario</h2>
<table cellspacing="0" cellpadding="0" class="result">
<tr class="param"><th>Parameter #1</th><th>Parameter #2</th></tr>
<tr class="param stripe"><td>&quot;try to do it&quot;</td>
<td>&quot;Login Functionality&quot;</td>
</tr>
</table>
<p class="totop"><a href="#summary">back to summary</a></p>
<h2 id="m11">Cucumber.runners.loginRunner:runScenario</h2>
<table cellspacing="0" cellpadding="0" class="result">
<tr class="param"><th>Parameter #1</th><th>Parameter #2</th></tr>
<tr class="param stripe"><td>&quot;Login Functionality Testing&quot;</td>
<td>&quot;Login Functionality&quot;</td>
</tr>
</table>
<p class="totop"><a href="#summary">back to summary</a></p>
<h2 id="m12">TestNG.SanityTest:addTocart</h2>
<p class="totop"><a href="#summary">back to summary</a></p>
</body></html>
